<?xml version="1.0" encoding="UTF-8"?>
<!-- Generated by org.testng.reporters.JUnitReportReporter -->
<testsuite name="org.testing.TestCases.Login" tests="1" time="84.955" ignored="0" failures="0" timestamp="11 Jul 2020 13:48:31 GMT" skipped="0" hostname="Kunal-PC" errors="0">
  <testcase name="LoginFunctionality" time="84.955" classname="org.testing.TestCases.Login"/>
</testsuite> <!-- org.testing.TestCases.Login -->
